# JRE version: OpenJDK Runtime Environment Temurin-21.0.4+7 (21.0.4+7) (build 21.0.4+7-LTS)
# Java VM: OpenJDK 64-Bit Server VM Temurin-21.0.4+7 (21.0.4+7-LTS, mixed mode, sharing, tiered, compressed oops, compressed class ptrs, g1 gc, windows-amd64)
GC Precious Log:
 CardTable entry size: 512
 Card Set container configuration: InlinePtr #cards 4 size 8 Array Of Cards #cards 16 size 48 Howl #buckets 8 coarsen threshold 3686 Howl Bitmap #cards 512 size 80 coarsen threshold 460 Card regions per heap region 1 cards per card region 4096
 CPUs: 12 total, 12 available
 Memory: 15979M
 Large Page Support: Disabled
 NUMA Support: Disabled
 Compressed Oops: Enabled (Zero based)
 Heap Region Size: 2M
 Heap Min Capacity: 8M
 Heap Initial Capacity: 250M
 Heap Max Capacity: 3996M
 Pre-touch: Disabled
 Parallel Workers: 10
 Concurrent Workers: 3
 Concurrent Refinement Workers: 10
 Periodic GC: Disabled
Heap:
 garbage-first heap   total 778240K, used 766692K [0x0000000706400000, 0x0000000800000000)
  region size 2048K, 2 young (4096K), 1 survivors (2048K)
 Metaspace       used 11415K, committed 11648K, reserved 1114112K
  class space    used 1126K, committed 1216K, reserved 1048576K
GC Heap History (20 events):
Event: 1359.108 GC heap before
{Heap before GC invocations=695 (full 5):
 garbage-first heap   total 4091904K, used 4080354K [0x0000000706400000, 0x0000000800000000)
  region size 2048K, 2 young (4096K), 1 survivors (2048K)
 Metaspace       used 11404K, committed 11648K, reserved 1114112K
  class space    used 1124K, committed 1216K, reserved 1048576K
}
Event: 1359.114 GC heap after
{Heap after GC invocations=696 (full 5):
 garbage-first heap   total 4091904K, used 1000094K [0x0000000706400000, 0x0000000800000000)
  region size 2048K, 1 young (2048K), 1 survivors (2048K)
 Metaspace       used 11404K, committed 11648K, reserved 1114112K
  class space    used 1124K, committed 1216K, reserved 1048576K
}
Event: 1365.280 GC heap before
{Heap before GC invocations=697 (full 5):
 garbage-first heap   total 4089856K, used 4074142K [0x0000000706400000, 0x0000000800000000)
  region size 2048K, 3 young (6144K), 1 survivors (2048K)
 Metaspace       used 11404K, committed 11648K, reserved 1114112K
  class space    used 1124K, committed 1216K, reserved 1048576K
}
Event: 1365.285 GC heap after
{Heap after GC invocations=698 (full 5):
 garbage-first heap   total 4089856K, used 3089098K [0x0000000706400000, 0x0000000800000000)
  region size 2048K, 1 young (2048K), 1 survivors (2048K)
 Metaspace       used 11404K, committed 11648K, reserved 1114112K
  class space    used 1124K, committed 1216K, reserved 1048576K
}
Event: 1367.233 GC heap before
{Heap before GC invocations=698 (full 5):
 garbage-first heap   total 4089856K, used 4070090K [0x0000000706400000, 0x0000000800000000)
  region size 2048K, 3 young (6144K), 1 survivors (2048K)
 Metaspace       used 11404K, committed 11648K, reserved 1114112K
  class space    used 1124K, committed 1216K, reserved 1048576K
}
Event: 1367.239 GC heap after
{Heap after GC invocations=699 (full 5):
 garbage-first heap   total 4089856K, used 995980K [0x0000000706400000, 0x0000000800000000)
  region size 2048K, 1 young (2048K), 1 survivors (2048K)
 Metaspace       used 11404K, committed 11648K, reserved 1114112K
  class space    used 1124K, committed 1216K, reserved 1048576K
}
Event: 1367.254 GC heap before
{Heap before GC invocations=699 (full 5):
 garbage-first heap   total 4089856K, used 1002124K [0x0000000706400000, 0x0000000800000000)
  region size 2048K, 3 young (6144K), 1 survivors (2048K)
 Metaspace       used 11404K, committed 11648K, reserved 1114112K
  class space    used 1124K, committed 1216K, reserved 1048576K
}
Event: 1367.259 GC heap after
{Heap after GC invocations=700 (full 5):
 garbage-first heap   total 4089856K, used 21114K [0x0000000706400000, 0x0000000800000000)
  region size 2048K, 1 young (2048K), 1 survivors (2048K)
 Metaspace       used 11404K, committed 11648K, reserved 1114112K
  class space    used 1124K, committed 1216K, reserved 1048576K
}
Event: 1375.503 GC heap before
{Heap before GC invocations=701 (full 5):
 garbage-first heap   total 4085760K, used 4076154K [0x0000000706400000, 0x0000000800000000)
  region size 2048K, 4 young (8192K), 1 survivors (2048K)
 Metaspace       used 11404K, committed 11648K, reserved 1114112K
  class space    used 1124K, committed 1216K, reserved 1048576K
}
Event: 1375.509 GC heap after
{Heap after GC invocations=702 (full 5):
 garbage-first heap   total 4087808K, used 4068087K [0x0000000706400000, 0x0000000800000000)
  region size 2048K, 1 young (2048K), 1 survivors (2048K)
 Metaspace       used 11404K, committed 11648K, reserved 1114112K
  class space    used 1124K, committed 1216K, reserved 1048576K
}
Event: 1375.518 GC heap before
{Heap before GC invocations=702 (full 5):
 garbage-first heap   total 4087808K, used 4074231K [0x0000000706400000, 0x0000000800000000)
  region size 2048K, 3 young (6144K), 1 survivors (2048K)
 Metaspace       used 11404K, committed 11648K, reserved 1114112K
  class space    used 1124K, committed 1216K, reserved 1048576K
}
Event: 1375.526 GC heap after
{Heap after GC invocations=703 (full 5):
 garbage-first heap   total 4087808K, used 21128K [0x0000000706400000, 0x0000000800000000)
  region size 2048K, 1 young (2048K), 1 survivors (2048K)
 Metaspace       used 11404K, committed 11648K, reserved 1114112K
  class space    used 1124K, committed 1216K, reserved 1048576K
}
Event: 1375.526 GC heap before
{Heap before GC invocations=703 (full 5):
 garbage-first heap   total 4087808K, used 25224K [0x0000000706400000, 0x0000000800000000)
  region size 2048K, 2 young (4096K), 1 survivors (2048K)
 Metaspace       used 11404K, committed 11648K, reserved 1114112K
  class space    used 1124K, committed 1216K, reserved 1048576K
}
Event: 1375.529 GC heap after
{Heap after GC invocations=704 (full 5):
 garbage-first heap   total 4087808K, used 25220K [0x0000000706400000, 0x0000000800000000)
  region size 2048K, 1 young (2048K), 1 survivors (2048K)
 Metaspace       used 11404K, committed 11648K, reserved 1114112K
  class space    used 1124K, committed 1216K, reserved 1048576K
}
Event: 104171.276 GC heap before
{Heap before GC invocations=705 (full 5):
 garbage-first heap   total 4083712K, used 4074116K [0x0000000706400000, 0x0000000800000000)
  region size 2048K, 4 young (8192K), 1 survivors (2048K)
 Metaspace       used 11412K, committed 11648K, reserved 1114112K
  class space    used 1126K, committed 1216K, reserved 1048576K
}
Event: 104171.278 GC heap after
{Heap after GC invocations=706 (full 5):
 garbage-first heap   total 4087808K, used 4061936K [0x0000000706400000, 0x0000000800000000)
  region size 2048K, 1 young (2048K), 1 survivors (2048K)
 Metaspace       used 11412K, committed 11648K, reserved 1114112K
  class space    used 1126K, committed 1216K, reserved 1048576K
}
Event: 104171.297 GC heap before
{Heap before GC invocations=706 (full 5):
 garbage-first heap   total 4089856K, used 4074224K [0x0000000706400000, 0x0000000800000000)
  region size 2048K, 2 young (4096K), 1 survivors (2048K)
 Metaspace       used 11412K, committed 11648K, reserved 1114112K
  class space    used 1126K, committed 1216K, reserved 1048576K
}
Event: 104171.299 GC heap after
{Heap after GC invocations=707 (full 5):
 garbage-first heap   total 4089856K, used 3910379K [0x0000000706400000, 0x0000000800000000)
  region size 2048K, 1 young (2048K), 1 survivors (2048K)
 Metaspace       used 11412K, committed 11648K, reserved 1114112K
  class space    used 1126K, committed 1216K, reserved 1048576K
}
Event: 104171.316 GC heap before
{Heap before GC invocations=707 (full 5):
 garbage-first heap   total 4089856K, used 3914475K [0x0000000706400000, 0x0000000800000000)
  region size 2048K, 2 young (4096K), 1 survivors (2048K)
 Metaspace       used 11412K, committed 11648K, reserved 1114112K
  class space    used 1126K, committed 1216K, reserved 1048576K
}
Event: 104171.317 GC heap after
{Heap after GC invocations=708 (full 5):
 garbage-first heap   total 4089856K, used 3771108K [0x0000000706400000, 0x0000000800000000)
  region size 2048K, 1 young (2048K), 1 survivors (2048K)
 Metaspace       used 11412K, committed 11648K, reserved 1114112K
  class space    used 1126K, committed 1216K, reserved 1048576K
}

